AraosChill/Proxecto/app/build/intermediates/manifest_merge_blame_file/debug/manifest-merger-blame-debug-report.txt
1<?xml version="1.0" encoding="utf-8"?>
2<manifest xmlns:android="http://schemas.android.com/apk/res/android"
3    package="com.example.proxecto"
4    android:versionCode="1"
5    android:versionName="1.0" >
6
7    <uses-sdk
8        android:minSdkVersion="26"
8-->src\main\AndroidManifest.xml
9        android:targetSdkVersion="30" />
9-->src\main\AndroidManifest.xml
10
11    <uses-permission android:name="android.permission.INTERNET" />
11-->src\main\AndroidManifest.xml:5:5-67
11-->src\main\AndroidManifest.xml:5:22-64
12    <uses-permission android:name="android.permission.CAMERA" />
12-->src\main\AndroidManifest.xml:6:5-65
12-->src\main\AndroidManifest.xml:6:22-62
13    <uses-permission android:name="android.permission.RECORD_AUDIO" />
13-->src\main\AndroidManifest.xml:7:5-71
13-->src\main\AndroidManifest.xml:7:22-68
14    <uses-permission android:name="android.permission.READ_EXTERNAL_STORAGE" />
14-->src\main\AndroidManifest.xml:8:5-80
14-->src\main\AndroidManifest.xml:8:22-77
15    <uses-permission android:name="android.permission.WRITE_EXTERNAL_STORAGE" />
15-->src\main\AndroidManifest.xml:9:5-81
15-->src\main\AndroidManifest.xml:9:22-78
16    <uses-permission android:name="android.permission.INTERNET" />
16-->src\main\AndroidManifest.xml:5:5-67
16-->src\main\AndroidManifest.xml:5:22-64
17
18    <!-- Although the *SdkVersion is captured in gradle build files, this is required for non gradle builds -->
19    <!-- <uses-sdk android:minSdkVersion="14"/> -->
20    <uses-permission android:name="android.permission.ACCESS_NETWORK_STATE" />
20-->[com.google.firebase:firebase-storage:19.2.2] AndroidManifest.xml:26:5-79
20-->[com.google.firebase:firebase-storage:19.2.2] AndroidManifest.xml:26:22-76
21    <uses-permission android:name="android.permission.WAKE_LOCK" />
21-->[com.google.android.gms:play-services-measurement-api:18.0.3] AndroidManifest.xml:24:5-68
21-->[com.google.android.gms:play-services-measurement-api:18.0.3] AndroidManifest.xml:24:22-65
22    <uses-permission android:name="com.google.android.finsky.permission.BIND_GET_INSTALL_REFERRER_SERVICE" />
22-->[com.google.android.gms:play-services-measurement:18.0.3] AndroidManifest.xml:26:5-110
22-->[com.google.android.gms:play-services-measurement:18.0.3] AndroidManifest.xml:26:22-107
23
24    <application
24-->src\main\AndroidManifest.xml:12:5-46:19
25        android:allowBackup="true"
25-->src\main\AndroidManifest.xml:13:9-35
26        android:appComponentFactory="androidx.core.app.CoreComponentFactory"
26-->[androidx.core:core:1.1.0] AndroidManifest.xml:24:18-86
27        android:debuggable="true"
28        android:extractNativeLibs="false"
29        android:icon="@mipmap/ic_launcher"
29-->src\main\AndroidManifest.xml:14:9-43
30        android:label="@string/app_name"
30-->src\main\AndroidManifest.xml:15:9-41
31        android:roundIcon="@mipmap/ic_launcher_round"
31-->src\main\AndroidManifest.xml:16:9-54
32        android:supportsRtl="true"
32-->src\main\AndroidManifest.xml:17:9-35
33        android:testOnly="true"
34        android:theme="@style/Theme.Proxecto" >
34-->src\main\AndroidManifest.xml:18:9-46
35        <activity
35-->src\main\AndroidManifest.xml:19:9-24:20
36            android:name="com.example.proxecto.inicioProcessing"
36-->src\main\AndroidManifest.xml:19:19-51
37            android:noHistory="true" >
37-->src\main\AndroidManifest.xml:19:52-76
38            <intent-filter>
38-->src\main\AndroidManifest.xml:19:78-23:25
39                <action android:name="android.intent.action.MAIN" />
39-->src\main\AndroidManifest.xml:20:13-65
39-->src\main\AndroidManifest.xml:20:21-62
40
41                <category android:name="android.intent.category.LAUNCHER" />
41-->src\main\AndroidManifest.xml:22:13-73
41-->src\main\AndroidManifest.xml:22:23-70
42            </intent-filter>
43        </activity>
44        <activity android:name="com.example.proxecto.AmosarAvistadas" />
44-->src\main\AndroidManifest.xml:25:9-53
44-->src\main\AndroidManifest.xml:25:19-50
45        <activity
45-->src\main\AndroidManifest.xml:26:9-79
46            android:name="com.example.proxecto.VellosAvistamento"
46-->src\main\AndroidManifest.xml:26:19-52
47            android:noHistory="true" />
47-->src\main\AndroidManifest.xml:26:53-77
48        <activity
48-->src\main\AndroidManifest.xml:27:9-75
49            android:name="com.example.proxecto.Avistamentos"
49-->src\main\AndroidManifest.xml:27:19-47
50            android:noHistory="true" />
50-->src\main\AndroidManifest.xml:27:48-72
51        <activity android:name="com.example.proxecto.AmosarTodas" />
51-->src\main\AndroidManifest.xml:28:9-49
51-->src\main\AndroidManifest.xml:28:19-46
52        <activity android:name="com.example.proxecto.AxudaIdentificacion" />
52-->src\main\AndroidManifest.xml:29:9-57
52-->src\main\AndroidManifest.xml:29:19-54
53        <activity android:name="com.example.proxecto.Rexistro" />
53-->src\main\AndroidManifest.xml:30:9-45
53-->src\main\AndroidManifest.xml:30:19-43
54        <activity android:name="com.example.proxecto.MainActivity" >
54-->src\main\AndroidManifest.xml:31:9-33:20
54-->src\main\AndroidManifest.xml:31:19-47
55        </activity>
56
57        <provider
57-->src\main\AndroidManifest.xml:35:9-45:20
58            android:name="androidx.core.content.FileProvider"
58-->src\main\AndroidManifest.xml:36:13-62
59            android:authorities="com.example.proxecto.provider"
59-->src\main\AndroidManifest.xml:37:13-64
60            android:exported="false"
60-->src\main\AndroidManifest.xml:38:13-37
61            android:grantUriPermissions="true" >
61-->src\main\AndroidManifest.xml:39:13-47
62
63            <!-- ressource file to create -->
64            <meta-data
64-->src\main\AndroidManifest.xml:42:13-44:54
65                android:name="android.support.FILE_PROVIDER_PATHS"
65-->src\main\AndroidManifest.xml:43:17-67
66                android:resource="@xml/file_paths" />
66-->src\main\AndroidManifest.xml:44:17-51
67        </provider>
68
69        <service
69-->[com.google.firebase:firebase-storage:19.2.2] AndroidManifest.xml:30:9-36:19
70            android:name="com.google.firebase.components.ComponentDiscoveryService"
70-->[com.google.firebase:firebase-storage:19.2.2] AndroidManifest.xml:31:13-84
71            android:directBootAware="true"
71-->[com.google.firebase:firebase-common:19.5.0] AndroidManifest.xml:35:13-43
72            android:exported="false" >
72-->[com.google.firebase:firebase-storage:19.2.2] AndroidManifest.xml:32:13-37
73            <meta-data
73-->[com.google.firebase:firebase-storage:19.2.2] AndroidManifest.xml:33:13-35:85
74                android:name="com.google.firebase.components:com.google.firebase.storage.StorageRegistrar"
74-->[com.google.firebase:firebase-storage:19.2.2] AndroidManifest.xml:34:17-107
75                android:value="com.google.firebase.components.ComponentRegistrar" />
75-->[com.google.firebase:firebase-storage:19.2.2] AndroidManifest.xml:35:17-82
76            <meta-data
76-->[com.google.firebase:firebase-database:19.7.0] AndroidManifest.xml:32:13-34:85
77                android:name="com.google.firebase.components:com.google.firebase.database.DatabaseRegistrar"
77-->[com.google.firebase:firebase-database:19.7.0] AndroidManifest.xml:33:17-109
78                android:value="com.google.firebase.components.ComponentRegistrar" />
78-->[com.google.firebase:firebase-database:19.7.0] AndroidManifest.xml:34:17-82
79            <meta-data
79-->[com.google.android.gms:play-services-measurement-api:18.0.3] AndroidManifest.xml:30:13-32:85
80                android:name="com.google.firebase.components:com.google.firebase.analytics.connector.internal.AnalyticsConnectorRegistrar"
80-->[com.google.android.gms:play-services-measurement-api:18.0.3] AndroidManifest.xml:31:17-139
81                android:value="com.google.firebase.components.ComponentRegistrar" />
81-->[com.google.android.gms:play-services-measurement-api:18.0.3] AndroidManifest.xml:32:17-82
82            <meta-data
82-->[com.google.firebase:firebase-installations:16.3.5] AndroidManifest.xml:18:13-20:85
83                android:name="com.google.firebase.components:com.google.firebase.installations.FirebaseInstallationsRegistrar"
83-->[com.google.firebase:firebase-installations:16.3.5] AndroidManifest.xml:19:17-127
84                android:value="com.google.firebase.components.ComponentRegistrar" />
84-->[com.google.firebase:firebase-installations:16.3.5] AndroidManifest.xml:20:17-82
85            <!--
86                This registrar is not defined in the dynamic-module-support sdk itself to allow non-firebase
87                clients to use it as well, by defining this registrar in their own core/common library.
88            -->
89            <meta-data
89-->[com.google.firebase:firebase-common:19.5.0] AndroidManifest.xml:43:13-45:85
90                android:name="com.google.firebase.components:com.google.firebase.dynamicloading.DynamicLoadingRegistrar"
90-->[com.google.firebase:firebase-common:19.5.0] AndroidManifest.xml:44:17-121
91                android:value="com.google.firebase.components.ComponentRegistrar" />
91-->[com.google.firebase:firebase-common:19.5.0] AndroidManifest.xml:45:17-82
92        </service>
93
94        <provider
94-->[com.google.firebase:firebase-common:19.5.0] AndroidManifest.xml:26:9-31:39
95            android:name="com.google.firebase.provider.FirebaseInitProvider"
95-->[com.google.firebase:firebase-common:19.5.0] AndroidManifest.xml:27:13-77
96            android:authorities="com.example.proxecto.firebaseinitprovider"
96-->[com.google.firebase:firebase-common:19.5.0] AndroidManifest.xml:28:13-72
97            android:directBootAware="true"
97-->[com.google.firebase:firebase-common:19.5.0] AndroidManifest.xml:29:13-43
98            android:exported="false"
98-->[com.google.firebase:firebase-common:19.5.0] AndroidManifest.xml:30:13-37
99            android:initOrder="100" />
99-->[com.google.firebase:firebase-common:19.5.0] AndroidManifest.xml:31:13-36
100
101        <activity
101-->[com.google.android.gms:play-services-base:17.0.0] AndroidManifest.xml:23:9-26:75
102            android:name="com.google.android.gms.common.api.GoogleApiActivity"
102-->[com.google.android.gms:play-services-base:17.0.0] AndroidManifest.xml:24:13-79
103            android:exported="false"
103-->[com.google.android.gms:play-services-base:17.0.0] AndroidManifest.xml:25:13-37
104            android:theme="@android:style/Theme.Translucent.NoTitleBar" />
104-->[com.google.android.gms:play-services-base:17.0.0] AndroidManifest.xml:26:13-72
105
106        <receiver
106-->[com.google.android.gms:play-services-measurement:18.0.3] AndroidManifest.xml:29:9-33:20
107            android:name="com.google.android.gms.measurement.AppMeasurementReceiver"
107-->[com.google.android.gms:play-services-measurement:18.0.3] AndroidManifest.xml:30:13-85
108            android:enabled="true"
108-->[com.google.android.gms:play-services-measurement:18.0.3] AndroidManifest.xml:31:13-35
109            android:exported="false" >
109-->[com.google.android.gms:play-services-measurement:18.0.3] AndroidManifest.xml:32:13-37
110        </receiver>
111
112        <service
112-->[com.google.android.gms:play-services-measurement:18.0.3] AndroidManifest.xml:35:9-38:40
113            android:name="com.google.android.gms.measurement.AppMeasurementService"
113-->[com.google.android.gms:play-services-measurement:18.0.3] AndroidManifest.xml:36:13-84
114            android:enabled="true"
114-->[com.google.android.gms:play-services-measurement:18.0.3] AndroidManifest.xml:37:13-35
115            android:exported="false" />
115-->[com.google.android.gms:play-services-measurement:18.0.3] AndroidManifest.xml:38:13-37
116        <service
116-->[com.google.android.gms:play-services-measurement:18.0.3] AndroidManifest.xml:39:9-43:72
117            android:name="com.google.android.gms.measurement.AppMeasurementJobService"
117-->[com.google.android.gms:play-services-measurement:18.0.3] AndroidManifest.xml:40:13-87
118            android:enabled="true"
118-->[com.google.android.gms:play-services-measurement:18.0.3] AndroidManifest.xml:41:13-35
119            android:exported="false"
119-->[com.google.android.gms:play-services-measurement:18.0.3] AndroidManifest.xml:42:13-37
120            android:permission="android.permission.BIND_JOB_SERVICE" />
120-->[com.google.android.gms:play-services-measurement:18.0.3] AndroidManifest.xml:43:13-69
121
122        <meta-data
122-->[com.google.android.gms:play-services-basement:17.0.0] AndroidManifest.xml:23:9-25:69
123            android:name="com.google.android.gms.version"
123-->[com.google.android.gms:play-services-basement:17.0.0] AndroidManifest.xml:24:13-58
124            android:value="@integer/google_play_services_version" />
124-->[com.google.android.gms:play-services-basement:17.0.0] AndroidManifest.xml:25:13-66
125    </application>
126
127</manifest>